<?xml version="1.0" encoding="UTF-8"?>
<!-- Generated by org.testng.reporters.JUnitReportReporter -->
<testsuite hostname="DESKTOP-IKD2D8I" failures="0" tests="1" name="Program.SampleProgram3Test" time="0.007" errors="0" timestamp="2024-05-30T12:29:02 IST" skipped="0">
  <testcase classname="Program.SampleProgram3Test" name="sampleProgram3" time="0.007"/>
  <system-out/>
</testsuite> <!-- Program.SampleProgram3Test -->
