<?xml version="1.0" encoding="UTF-8"?>
<!-- Generated by org.testng.reporters.JUnitReportReporter -->
<testsuite hostname="DESKTOP-IKD2D8I" failures="0" tests="1" name="Program.SampleProgram6Test" time="13.915" errors="0" timestamp="2024-05-30T12:42:00 IST" skipped="0">
  <testcase classname="Program.SampleProgram6Test" name="sampleProgram6" time="13.915"/>
  <system-out/>
</testsuite> <!-- Program.SampleProgram6Test -->
