<?xml version="1.0" encoding="UTF-8"?>
<!-- Generated by org.testng.reporters.JUnitReportReporter -->
<testsuite hostname="DESKTOP-IKD2D8I" failures="0" tests="1" name="Program.SampleProgram7Test" time="55.695" errors="0" timestamp="2024-05-30T12:44:39 IST" skipped="0">
  <testcase classname="Program.SampleProgram7Test" name="sampleProgram7" time="55.695"/>
  <system-out/>
</testsuite> <!-- Program.SampleProgram7Test -->
