<?xml version="1.0" encoding="UTF-8"?>
<!-- Generated by org.testng.reporters.JUnitReportReporter -->
<testsuite hostname="DESKTOP-IKD2D8I" failures="0" tests="1" name="Program.SampleProgram1Test" time="0.005" errors="0" timestamp="2024-05-30T12:29:02 IST" skipped="0">
  <testcase classname="Program.SampleProgram1Test" name="sampleProgram1" time="0.005"/>
  <system-out/>
</testsuite> <!-- Program.SampleProgram1Test -->
