<?xml version="1.0" encoding="UTF-8"?>
<!-- Generated by org.testng.reporters.JUnitReportReporter -->
<testsuite hostname="DESKTOP-IKD2D8I" failures="0" tests="1" name="Program.SampleProgram4Test" time="0.006" errors="0" timestamp="2024-05-30T12:42:00 IST" skipped="0">
  <testcase classname="Program.SampleProgram4Test" name="sampleProgram4" time="0.006"/>
  <system-out/>
</testsuite> <!-- Program.SampleProgram4Test -->
