<?xml version="1.0" encoding="UTF-8"?>
<!-- Generated by org.testng.reporters.JUnitReportReporter -->
<testsuite hostname="DESKTOP-IKD2D8I" failures="0" tests="1" name="Program.SampleProgram8Test" time="0.018" errors="0" timestamp="2024-05-30T12:44:39 IST" skipped="0">
  <testcase classname="Program.SampleProgram8Test" name="sampleProgram8" time="0.018"/>
  <system-out/>
</testsuite> <!-- Program.SampleProgram8Test -->
