<?xml version="1.0" encoding="UTF-8"?>
<!-- Generated by org.testng.reporters.JUnitReportReporter -->
<testsuite hostname="DESKTOP-IKD2D8I" failures="0" tests="1" name="Program.SampleProgram5Test" time="0.021" errors="0" timestamp="2024-05-30T12:42:00 IST" skipped="0">
  <testcase classname="Program.SampleProgram5Test" name="sampleProgram5" time="0.021"/>
  <system-out/>
</testsuite> <!-- Program.SampleProgram5Test -->
